Build started 2/5/2018 12:12:50 AM.
     1>Project "C:\Users\Alex\Documents\School\Game Programming\HW1\NYUCodebase\NYUCodebase\NYUCodebase.vcxproj" on node 2 (Build target(s)).
     1>ClCompile:
         C:\Program Files (x86)\Microsoft Visual Studio 12.0\VC\bin\CL.exe /c /I"C:\code\c++\libs\SDL2-2.0.7\include" /I"C:\code\c++\libs\SDL2_image-2.0.2\include" /I"C:\code\c++\libs\glew-2.1.0\include" /I"C:\code\c++\libs\SDL2_mixer-2.0.2\include" /ZI /nologo /W3 /WX- /sdl /Od /Oy- /D _WINDOWS /D _MBCS /D _MBCS /Gm /EHsc /RTC1 /MDd /GS /fp:precise /Zc:wchar_t /Zc:forScope /Fo"Debug\\" /Fd"Debug\vc120.pdb" /Gd /TP /analyze- /errorReport:prompt main.cpp
         main.cpp
     1>c:\users\alex\documents\school\game programming\hw1\nyucodebase\nyucodebase\main.cpp(80): warning C4244: '=' : conversion from 'int' to 'float', possible loss of data
     1>c:\users\alex\documents\school\game programming\hw1\nyucodebase\nyucodebase\main.cpp(81): warning C4244: '=' : conversion from 'int' to 'float', possible loss of data
     1>c:\users\alex\documents\school\game programming\hw1\nyucodebase\nyucodebase\main.cpp(86): warning C4244: '=' : conversion from 'int' to 'float', possible loss of data
     1>c:\users\alex\documents\school\game programming\hw1\nyucodebase\nyucodebase\main.cpp(145): warning C4305: 'initializing' : truncation from 'double' to 'float'
     1>c:\users\alex\documents\school\game programming\hw1\nyucodebase\nyucodebase\main.cpp(168): warning C4018: '>=' : signed/unsigned mismatch
     1>c:\users\alex\documents\school\game programming\hw1\nyucodebase\nyucodebase\main.cpp(192): warning C4305: 'initializing' : truncation from 'double' to 'float'
     1>c:\users\alex\documents\school\game programming\hw1\nyucodebase\nyucodebase\main.cpp(242): warning C4305: 'argument' : truncation from 'double' to 'float'
     1>c:\users\alex\documents\school\game programming\hw1\nyucodebase\nyucodebase\main.cpp(305): warning C4305: 'argument' : truncation from 'double' to 'float'
     1>c:\users\alex\documents\school\game programming\hw1\nyucodebase\nyucodebase\main.cpp(310): warning C4244: 'argument' : conversion from 'float' to 'int', possible loss of data
     1>c:\users\alex\documents\school\game programming\hw1\nyucodebase\nyucodebase\main.cpp(312): warning C4305: 'argument' : truncation from 'double' to 'float'
       Link:
         C:\Program Files (x86)\Microsoft Visual Studio 12.0\VC\bin\link.exe /ERRORREPORT:PROMPT /OUT:"C:\Users\Alex\Documents\School\Game Programming\HW1\NYUCodebase\Debug\NYUCodebase.exe" /INCREMENTAL /NOLOGO /LIBPATH:"C:\code\c++\libs\SDL2_mixer-2.0.2\lib\x86" /LIBPATH:"C:\code\c++\libs\SDL2-2.0.7\lib\x86" /LIBPATH:"C:\code\c++\libs\SDL2_image-2.0.2\lib\x86" /LIBPATH:"C:\code\c++\libs\glew-2.1.0\lib\Release\Win32" SDL2.lib SDL2_mixer.lib glew32.lib SDL2main.lib SDL2_image.lib OpenGL32.lib /MANIFEST /MANIFESTUAC:"level='asInvoker' uiAccess='false'" /manifest:embed /DEBUG /PDB:"C:\Users\Alex\Documents\School\Game Programming\HW1\NYUCodebase\Debug\NYUCodebase.pdb" /SUBSYSTEM:CONSOLE /TLBID:1 /DYNAMICBASE /NXCOMPAT /IMPLIB:"C:\Users\Alex\Documents\School\Game Programming\HW1\NYUCodebase\Debug\NYUCodebase.lib" /MACHINE:X86 Debug\main.obj
         Debug\Matrix.obj
         Debug\ShaderProgram.obj
         NYUCodebase.vcxproj -> C:\Users\Alex\Documents\School\Game Programming\HW1\NYUCodebase\Debug\NYUCodebase.exe
     1>Done Building Project "C:\Users\Alex\Documents\School\Game Programming\HW1\NYUCodebase\NYUCodebase\NYUCodebase.vcxproj" (Build target(s)).

Build succeeded.

Time Elapsed 00:00:01.09
